<?xml version="1.0" encoding="UTF-8"?>
<testsuite name="com.asapp.backend.challenge.MessagesTests" tests="2" skipped="0" failures="0" errors="0" timestamp="2021-02-05T01:24:30" hostname="Gastons-Air.fibertel.com.ar" time="0.269">
  <properties/>
  <testcase name="givenAMessageWithTextContentWhenSaveMessageThenDoNotSaveMetadataAndReturnMessage" classname="com.asapp.backend.challenge.MessagesTests" time="0.267"/>
  <testcase name="givenAMessageWithImageContentWhenSaveMessageThenSaveMetadataAndReturnMessage" classname="com.asapp.backend.challenge.MessagesTests" time="0.001"/>
  <system-out><![CDATA[]]></system-out>
  <system-err><![CDATA[]]></system-err>
</testsuite>
